Searching for include files...
Searching for example files...
Searching for images...
Searching for dot files...
Searching for msc files...
Searching for dia files...
Searching for files to exclude
Searching for files to process...
Searching for files in directory /home/travis/build/TheMaximum/mania-pp/src
Searching for files in directory /home/travis/build/TheMaximum/mania-pp/src/Config
Searching for files in directory /home/travis/build/TheMaximum/mania-pp/src/GbxRemote
Searching for files in directory /home/travis/build/TheMaximum/mania-pp/src/Socket
Searching for files in directory /home/travis/build/TheMaximum/mania-pp/src/Utils
Reading and parsing tag files
Parsing files
Preprocessing /home/travis/build/TheMaximum/mania-pp/src/Config/Config.cpp...
Parsing file /home/travis/build/TheMaximum/mania-pp/src/Config/Config.cpp...
Preprocessing /home/travis/build/TheMaximum/mania-pp/src/Config/Config.h...
Parsing file /home/travis/build/TheMaximum/mania-pp/src/Config/Config.h...
Preprocessing /home/travis/build/TheMaximum/mania-pp/src/GbxRemote/GbxMessage.cpp...
Parsing file /home/travis/build/TheMaximum/mania-pp/src/GbxRemote/GbxMessage.cpp...
Preprocessing /home/travis/build/TheMaximum/mania-pp/src/GbxRemote/GbxMessage.h...
Parsing file /home/travis/build/TheMaximum/mania-pp/src/GbxRemote/GbxMessage.h...
Preprocessing /home/travis/build/TheMaximum/mania-pp/src/GbxRemote/GbxParameter.cpp...
Parsing file /home/travis/build/TheMaximum/mania-pp/src/GbxRemote/GbxParameter.cpp...
Preprocessing /home/travis/build/TheMaximum/mania-pp/src/GbxRemote/GbxParameter.h...
Parsing file /home/travis/build/TheMaximum/mania-pp/src/GbxRemote/GbxParameter.h...
Preprocessing /home/travis/build/TheMaximum/mania-pp/src/GbxRemote/GbxParameters.h...
Parsing file /home/travis/build/TheMaximum/mania-pp/src/GbxRemote/GbxParameters.h...
Preprocessing /home/travis/build/TheMaximum/mania-pp/src/GbxRemote/GbxRemote.cpp...
Parsing file /home/travis/build/TheMaximum/mania-pp/src/GbxRemote/GbxRemote.cpp...
Preprocessing /home/travis/build/TheMaximum/mania-pp/src/GbxRemote/GbxRemote.h...
Parsing file /home/travis/build/TheMaximum/mania-pp/src/GbxRemote/GbxRemote.h...
Preprocessing /home/travis/build/TheMaximum/mania-pp/src/GbxRemote/GbxResponse.cpp...
Parsing file /home/travis/build/TheMaximum/mania-pp/src/GbxRemote/GbxResponse.cpp...
Preprocessing /home/travis/build/TheMaximum/mania-pp/src/GbxRemote/GbxResponse.h...
Parsing file /home/travis/build/TheMaximum/mania-pp/src/GbxRemote/GbxResponse.h...
Preprocessing /home/travis/build/TheMaximum/mania-pp/src/GbxRemote/GbxStructs.h...
Parsing file /home/travis/build/TheMaximum/mania-pp/src/GbxRemote/GbxStructs.h...
Preprocessing /home/travis/build/TheMaximum/mania-pp/src/main.cpp...
Parsing file /home/travis/build/TheMaximum/mania-pp/src/main.cpp...
Preprocessing /home/travis/build/TheMaximum/mania-pp/src/ManiaPP.cpp...
Parsing file /home/travis/build/TheMaximum/mania-pp/src/ManiaPP.cpp...
Preprocessing /home/travis/build/TheMaximum/mania-pp/src/ManiaPP.h...
Parsing file /home/travis/build/TheMaximum/mania-pp/src/ManiaPP.h...
Preprocessing /home/travis/build/TheMaximum/mania-pp/src/Socket/TcpClient.cpp...
Parsing file /home/travis/build/TheMaximum/mania-pp/src/Socket/TcpClient.cpp...
Preprocessing /home/travis/build/TheMaximum/mania-pp/src/Socket/TcpClient.h...
Parsing file /home/travis/build/TheMaximum/mania-pp/src/Socket/TcpClient.h...
Preprocessing /home/travis/build/TheMaximum/mania-pp/src/Utils/Hex.h...
Parsing file /home/travis/build/TheMaximum/mania-pp/src/Utils/Hex.h...
Preprocessing /home/travis/build/TheMaximum/mania-pp/src/Utils/Logging.h...
Parsing file /home/travis/build/TheMaximum/mania-pp/src/Utils/Logging.h...
Building group list...
Building directory list...
Building namespace list...
Building file list...
Building class list...
Associating documentation with classes...
Computing nesting relations for classes...
Building example list...
Searching for enumerations...
Searching for documented typedefs...
Searching for members imported via using declarations...
Searching for included using directives...
Searching for documented variables...
Building interface member list...
Building member list...
Searching for friends...
Searching for documented defines...
Computing class inheritance relations...
Computing class usage relations...
Flushing cached template relations that have become invalid...
Creating members for template instances...
Computing class relations...
Add enum values to enums...
Searching for member function documentation...
Building page list...
Search for main page...
Computing page relations...
Determining the scope of groups...
Sorting lists...
Freeing entry tree
Determining which enums are documented
Computing member relations...
Building full member lists recursively...
Adding members to member groups.
Computing member references...
Inheriting documentation...
Generating disk names...
Adding source references...
Adding xrefitems...
Sorting member lists...
Computing dependencies between directories...
Generating citations page...
Counting data structures...
Resolving user defined references...
Finding anchors and sections in the documentation...
Transferring function references...
Combining using relations...
Adding members to index pages...
Generating style sheet...
Generating search indices...
Generating example documentation...
Generating file sources...
Generating code for file /home/travis/build/TheMaximum/mania-pp/src/Config/Config.h...
Generating code for file /home/travis/build/TheMaximum/mania-pp/src/GbxRemote/GbxMessage.h...
Generating code for file /home/travis/build/TheMaximum/mania-pp/src/GbxRemote/GbxParameter.h...
Generating code for file /home/travis/build/TheMaximum/mania-pp/src/GbxRemote/GbxParameters.h...
Generating code for file /home/travis/build/TheMaximum/mania-pp/src/GbxRemote/GbxRemote.h...
Generating code for file /home/travis/build/TheMaximum/mania-pp/src/GbxRemote/GbxResponse.h...
Generating code for file /home/travis/build/TheMaximum/mania-pp/src/GbxRemote/GbxStructs.h...
Generating code for file /home/travis/build/TheMaximum/mania-pp/src/ManiaPP.h...
Generating code for file /home/travis/build/TheMaximum/mania-pp/src/Socket/TcpClient.h...
Generating code for file /home/travis/build/TheMaximum/mania-pp/src/Utils/Hex.h...
Generating code for file /home/travis/build/TheMaximum/mania-pp/src/Utils/Logging.h...
Generating file documentation...
Generating docs for file /home/travis/build/TheMaximum/mania-pp/src/Config/Config.cpp...
Generating docs for file /home/travis/build/TheMaximum/mania-pp/src/Config/Config.h...
Generating docs for file /home/travis/build/TheMaximum/mania-pp/src/GbxRemote/GbxMessage.cpp...
Generating docs for file /home/travis/build/TheMaximum/mania-pp/src/GbxRemote/GbxMessage.h...
Generating docs for file /home/travis/build/TheMaximum/mania-pp/src/GbxRemote/GbxParameter.cpp...
Generating docs for file /home/travis/build/TheMaximum/mania-pp/src/GbxRemote/GbxParameter.h...
Generating docs for file /home/travis/build/TheMaximum/mania-pp/src/GbxRemote/GbxParameters.h...
Generating docs for file /home/travis/build/TheMaximum/mania-pp/src/GbxRemote/GbxRemote.cpp...
Generating docs for file /home/travis/build/TheMaximum/mania-pp/src/GbxRemote/GbxRemote.h...
Generating docs for file /home/travis/build/TheMaximum/mania-pp/src/GbxRemote/GbxResponse.cpp...
Generating docs for file /home/travis/build/TheMaximum/mania-pp/src/GbxRemote/GbxResponse.h...
Generating docs for file /home/travis/build/TheMaximum/mania-pp/src/GbxRemote/GbxStructs.h...
Generating docs for file /home/travis/build/TheMaximum/mania-pp/src/main.cpp...
Generating docs for file /home/travis/build/TheMaximum/mania-pp/src/ManiaPP.cpp...
Generating docs for file /home/travis/build/TheMaximum/mania-pp/src/ManiaPP.h...
Generating docs for file /home/travis/build/TheMaximum/mania-pp/src/Socket/TcpClient.cpp...
Generating docs for file /home/travis/build/TheMaximum/mania-pp/src/Socket/TcpClient.h...
Generating docs for file /home/travis/build/TheMaximum/mania-pp/src/Utils/Hex.h...
Generating docs for file /home/travis/build/TheMaximum/mania-pp/src/Utils/Logging.h...
Generating page documentation...
Gen/home/travis/build/TheMaximum/mania-pp/src/GbxRemote/GbxMessage.h:18: warning: argument 'params' of command @param is not found in the argument list of GbxMessage::GbxMessage(std::string method, GbxParameters *parameters=NULL)
/home/travis/build/TheMaximum/mania-pp/src/GbxRemote/GbxMessage.h:18: warning: The following parameters of GbxMessage::GbxMessage(std::string method, GbxParameters *parameters=NULL) are not documented:
  parameter 'parameters'
erating docs for page todo...
Generating group documentation...
Generating class documentation...
Generating docs for compound Config...
Generating docs for compound GbxError...
Generating docs for compound GbxFirstResponse...
Generating docs for compound GbxMessage...
Generating docs for compound GbxParam...
Generating docs for compound GbxParameter...
Generating docs for compound GbxParameters...
Generating docs for compound GbxQueryResponse...
Generating docs for compound GbxRemote...
Generating docs for compound GbxResponse...
Generating docs for compound GbxResponseParameter...
Generating docs for compound Hex...
Generating docs for compound Logging...
Generating docs for compound ManiaPP...
Generating docs for compound ServerConfig...
Generating docs for compound TcpClient...
Generating namespace index...
Generating graph info page...
Generating directory documentation...
Generating index page...
Generating page index...
Generating module index...
Generating namespace index...
Generating namespace member index...
Generating annotated compound index...
Generating alphabetical compound index...
Generating hierarchical class index...
Generating member index...
Generating file index...
Generating file member index...
Generating example index...
finalizing index lists...
lookup cache used 159/65536 hits=498 misses=165
finished...
